# JRE version: OpenJDK Runtime Environment (8.0_112-b06) (build 1.8.0_112-release-b06)
# Java VM: OpenJDK 64-Bit Server VM (25.112-b06 mixed mode windows-amd64 compressed oops)
Heap:
 PSYoungGen      total 205312K, used 101788K [0x00000000e0000000, 0x00000000f0000000, 0x0000000100000000)
  eden space 169984K, 53% used [0x00000000e0000000,0x00000000e588a300,0x00000000ea600000)
  from space 35328K, 31% used [0x00000000ea600000,0x00000000eb0dcf80,0x00000000ec880000)
  to   space 33792K, 0% used [0x00000000edf00000,0x00000000edf00000,0x00000000f0000000)
 ParOldGen       total 155136K, used 46922K [0x00000000a0000000, 0x00000000a9780000, 0x00000000e0000000)
  object space 155136K, 30% used [0x00000000a0000000,0x00000000a2dd2b30,0x00000000a9780000)
 Metaspace       used 70042K, capacity 73076K, committed 73304K, reserved 1112064K
  class space    used 9170K, capacity 9799K, committed 9856K, reserved 1048576K
GC Heap History (10 events):
Event: 40.091 GC heap before
{Heap before GC invocations=18 (full 3):
 PSYoungGen      total 145920K, used 24048K [0x00000000e0000000, 0x00000000ed380000, 0x0000000100000000)
  eden space 121856K, 0% used [0x00000000e0000000,0x00000000e0000000,0x00000000e7700000)
  from space 24064K, 99% used [0x00000000e7700000,0x00000000e8e7c228,0x00000000e8e80000)
  to   space 28672K, 0% used [0x00000000eb780000,0x00000000eb780000,0x00000000ed380000)
 ParOldGen       total 97280K, used 33540K [0x00000000a0000000, 0x00000000a5f00000, 0x00000000e0000000)
  object space 97280K, 34% used [0x00000000a0000000,0x00000000a20c10c8,0x00000000a5f00000)
 Metaspace       used 56679K, capacity 59042K, committed 59096K, reserved 1099776K
  class space    used 7660K, capacity 8182K, committed 8192K, reserved 1048576K
Event: 40.448 GC heap after
Heap after GC invocations=18 (full 3):
 PSYoungGen      total 145920K, used 0K [0x00000000e0000000, 0x00000000ed380000, 0x0000000100000000)
  eden space 121856K, 0% used [0x00000000e0000000,0x00000000e0000000,0x00000000e7700000)
  from space 24064K, 0% used [0x00000000e7700000,0x00000000e7700000,0x00000000e8e80000)
  to   space 28672K, 0% used [0x00000000eb780000,0x00000000eb780000,0x00000000ed380000)
 ParOldGen       total 155136K, used 46882K [0x00000000a0000000, 0x00000000a9780000, 0x00000000e0000000)
  object space 155136K, 30% used [0x00000000a0000000,0x00000000a2dc8b30,0x00000000a9780000)
 Metaspace       used 56679K, capacity 59042K, committed 59096K, reserved 1099776K
  class space    used 7660K, capacity 8182K, committed 8192K, reserved 1048576K
}
Event: 132.022 GC heap before
{Heap before GC invocations=19 (full 3):
 PSYoungGen      total 145920K, used 121856K [0x00000000e0000000, 0x00000000ed380000, 0x0000000100000000)
  eden space 121856K, 100% used [0x00000000e0000000,0x00000000e7700000,0x00000000e7700000)
  from space 24064K, 0% used [0x00000000e7700000,0x00000000e7700000,0x00000000e8e80000)
  to   space 28672K, 0% used [0x00000000eb780000,0x00000000eb780000,0x00000000ed380000)
 ParOldGen       total 155136K, used 46882K [0x00000000a0000000, 0x00000000a9780000, 0x00000000e0000000)
  object space 155136K, 30% used [0x00000000a0000000,0x00000000a2dc8b30,0x00000000a9780000)
 Metaspace       used 58254K, capacity 60914K, committed 61144K, reserved 1101824K
  class space    used 7855K, capacity 8418K, committed 8448K, reserved 1048576K
Event: 132.032 GC heap after
Heap after GC invocations=19 (full 3):
 PSYoungGen      total 172544K, used 5813K [0x00000000e0000000, 0x00000000ecb80000, 0x0000000100000000)
  eden space 152064K, 0% used [0x00000000e0000000,0x00000000e0000000,0x00000000e9480000)
  from space 20480K, 28% used [0x00000000eb780000,0x00000000ebd2d7f8,0x00000000ecb80000)
  to   space 28160K, 0% used [0x00000000e9480000,0x00000000e9480000,0x00000000eb000000)
 ParOldGen       total 155136K, used 46890K [0x00000000a0000000, 0x00000000a9780000, 0x00000000e0000000)
  object space 155136K, 30% used [0x00000000a0000000,0x00000000a2dcab30,0x00000000a9780000)
 Metaspace       used 58254K, capacity 60914K, committed 61144K, reserved 1101824K
  class space    used 7855K, capacity 8418K, committed 8448K, reserved 1048576K
}
Event: 146.903 GC heap before
{Heap before GC invocations=20 (full 3):
 PSYoungGen      total 172544K, used 157877K [0x00000000e0000000, 0x00000000ecb80000, 0x0000000100000000)
  eden space 152064K, 100% used [0x00000000e0000000,0x00000000e9480000,0x00000000e9480000)
  from space 20480K, 28% used [0x00000000eb780000,0x00000000ebd2d7f8,0x00000000ecb80000)
  to   space 28160K, 0% used [0x00000000e9480000,0x00000000e9480000,0x00000000eb000000)
 ParOldGen       total 155136K, used 46890K [0x00000000a0000000, 0x00000000a9780000, 0x00000000e0000000)
  object space 155136K, 30% used [0x00000000a0000000,0x00000000a2dcab30,0x00000000a9780000)
 Metaspace       used 66965K, capacity 69648K, committed 69848K, reserved 1110016K
  class space    used 8838K, capacity 9389K, committed 9472K, reserved 1048576K
Event: 146.954 GC heap after
Heap after GC invocations=20 (full 3):
 PSYoungGen      total 180224K, used 23771K [0x00000000e0000000, 0x00000000ee680000, 0x0000000100000000)
  eden space 152064K, 0% used [0x00000000e0000000,0x00000000e0000000,0x00000000e9480000)
  from space 28160K, 84% used [0x00000000e9480000,0x00000000eabb6fb0,0x00000000eb000000)
  to   space 30720K, 0% used [0x00000000ec880000,0x00000000ec880000,0x00000000ee680000)
 ParOldGen       total 155136K, used 46898K [0x00000000a0000000, 0x00000000a9780000, 0x00000000e0000000)
  object space 155136K, 30% used [0x00000000a0000000,0x00000000a2dccb30,0x00000000a9780000)
 Metaspace       used 66965K, capacity 69648K, committed 69848K, reserved 1110016K
  class space    used 8838K, capacity 9389K, committed 9472K, reserved 1048576K
}
Event: 149.586 GC heap before
{Heap before GC invocations=21 (full 3):
 PSYoungGen      total 180224K, used 175835K [0x00000000e0000000, 0x00000000ee680000, 0x0000000100000000)
  eden space 152064K, 100% used [0x00000000e0000000,0x00000000e9480000,0x00000000e9480000)
  from space 28160K, 84% used [0x00000000e9480000,0x00000000eabb6fb0,0x00000000eb000000)
  to   space 30720K, 0% used [0x00000000ec880000,0x00000000ec880000,0x00000000ee680000)
 ParOldGen       total 155136K, used 46898K [0x00000000a0000000, 0x00000000a9780000, 0x00000000e0000000)
  object space 155136K, 30% used [0x00000000a0000000,0x00000000a2dccb30,0x00000000a9780000)
 Metaspace       used 67151K, capacity 69776K, committed 70104K, reserved 1110016K
  class space    used 8841K, capacity 9389K, committed 9472K, reserved 1048576K
Event: 149.634 GC heap after
Heap after GC invocations=21 (full 3):
 PSYoungGen      total 200704K, used 29972K [0x00000000e0000000, 0x00000000ef300000, 0x0000000100000000)
  eden space 169984K, 0% used [0x00000000e0000000,0x00000000e0000000,0x00000000ea600000)
  from space 30720K, 97% used [0x00000000ec880000,0x00000000ee5c50e0,0x00000000ee680000)
  to   space 35328K, 0% used [0x00000000ea600000,0x00000000ea600000,0x00000000ec880000)
 ParOldGen       total 155136K, used 46914K [0x00000000a0000000, 0x00000000a9780000, 0x00000000e0000000)
  object space 155136K, 30% used [0x00000000a0000000,0x00000000a2dd0b30,0x00000000a9780000)
 Metaspace       used 67151K, capacity 69776K, committed 70104K, reserved 1110016K
  class space    used 8841K, capacity 9389K, committed 9472K, reserved 1048576K
}
Event: 443.386 GC heap before
{Heap before GC invocations=22 (full 3):
 PSYoungGen      total 200704K, used 199956K [0x00000000e0000000, 0x00000000ef300000, 0x0000000100000000)
  eden space 169984K, 100% used [0x00000000e0000000,0x00000000ea600000,0x00000000ea600000)
  from space 30720K, 97% used [0x00000000ec880000,0x00000000ee5c50e0,0x00000000ee680000)
  to   space 35328K, 0% used [0x00000000ea600000,0x00000000ea600000,0x00000000ec880000)
 ParOldGen       total 155136K, used 46914K [0x00000000a0000000, 0x00000000a9780000, 0x00000000e0000000)
  object space 155136K, 30% used [0x00000000a0000000,0x00000000a2dd0b30,0x00000000a9780000)
 Metaspace       used 69569K, capacity 72458K, committed 72536K, reserved 1112064K
  class space    used 9161K, capacity 9782K, committed 9856K, reserved 1048576K
Event: 443.405 GC heap after
Heap after GC invocations=22 (full 3):
 PSYoungGen      total 205312K, used 11123K [0x00000000e0000000, 0x00000000f0000000, 0x0000000100000000)
  eden space 169984K, 0% used [0x00000000e0000000,0x00000000e0000000,0x00000000ea600000)
  from space 35328K, 31% used [0x00000000ea600000,0x00000000eb0dcf80,0x00000000ec880000)
  to   space 33792K, 0% used [0x00000000edf00000,0x00000000edf00000,0x00000000f0000000)
 ParOldGen       total 155136K, used 46922K [0x00000000a0000000, 0x00000000a9780000, 0x00000000e0000000)
  object space 155136K, 30% used [0x00000000a0000000,0x00000000a2dd2b30,0x00000000a9780000)
 Metaspace       used 69569K, capacity 72458K, committed 72536K, reserved 1112064K
  class space    used 9161K, capacity 9782K, committed 9856K, reserved 1048576K
}

