# JRE version: OpenJDK Runtime Environment (8.0_112-b06) (build 1.8.0_112-release-b06)
# Java VM: OpenJDK 64-Bit Server VM (25.112-b06 mixed mode windows-amd64 compressed oops)
Heap:
 PSYoungGen      total 225280K, used 33841K [0x00000000e0000000, 0x00000000ef400000, 0x0000000100000000)
  eden space 200704K, 4% used [0x00000000e0000000,0x00000000e09106e8,0x00000000ec400000)
  from space 24576K, 99% used [0x00000000ec400000,0x00000000edbfc050,0x00000000edc00000)
  to   space 13824K, 0% used [0x00000000ee680000,0x00000000ee680000,0x00000000ef400000)
 ParOldGen       total 163328K, used 61056K [0x00000000a0000000, 0x00000000a9f80000, 0x00000000e0000000)
  object space 163328K, 37% used [0x00000000a0000000,0x00000000a3ba0068,0x00000000a9f80000)
 Metaspace       used 59080K, capacity 61814K, committed 62080K, reserved 1103872K
  class space    used 7938K, capacity 8520K, committed 8576K, reserved 1048576K
GC Heap History (10 events):
Event: 34.024 GC heap before
{Heap before GC invocations=12 (full 2):
 PSYoungGen      total 142336K, used 142320K [0x00000000e0000000, 0x00000000ec580000, 0x0000000100000000)
  eden space 130048K, 100% used [0x00000000e0000000,0x00000000e7f00000,0x00000000e7f00000)
  from space 12288K, 99% used [0x00000000e7f00000,0x00000000e8afc008,0x00000000e8b00000)
  to   space 15872K, 0% used [0x00000000eb600000,0x00000000eb600000,0x00000000ec580000)
 ParOldGen       total 96256K, used 24277K [0x00000000a0000000, 0x00000000a5e00000, 0x00000000e0000000)
  object space 96256K, 25% used [0x00000000a0000000,0x00000000a17b56a8,0x00000000a5e00000)
 Metaspace       used 52177K, capacity 54404K, committed 54656K, reserved 1095680K
  class space    used 7202K, capacity 7707K, committed 7808K, reserved 1048576K
Event: 34.068 GC heap after
Heap after GC invocations=12 (full 2):
 PSYoungGen      total 179712K, used 15840K [0x00000000e0000000, 0x00000000ed300000, 0x0000000100000000)
  eden space 163840K, 0% used [0x00000000e0000000,0x00000000e0000000,0x00000000ea000000)
  from space 15872K, 99% used [0x00000000eb600000,0x00000000ec578030,0x00000000ec580000)
  to   space 22528K, 0% used [0x00000000ea000000,0x00000000ea000000,0x00000000eb600000)
 ParOldGen       total 96256K, used 37058K [0x00000000a0000000, 0x00000000a5e00000, 0x00000000e0000000)
  object space 96256K, 38% used [0x00000000a0000000,0x00000000a24308f8,0x00000000a5e00000)
 Metaspace       used 52177K, capacity 54404K, committed 54656K, reserved 1095680K
  class space    used 7202K, capacity 7707K, committed 7808K, reserved 1048576K
}
Event: 49.812 GC heap before
{Heap before GC invocations=13 (full 2):
 PSYoungGen      total 179712K, used 134990K [0x00000000e0000000, 0x00000000ed300000, 0x0000000100000000)
  eden space 163840K, 72% used [0x00000000e0000000,0x00000000e745ba30,0x00000000ea000000)
  from space 15872K, 99% used [0x00000000eb600000,0x00000000ec578030,0x00000000ec580000)
  to   space 22528K, 0% used [0x00000000ea000000,0x00000000ea000000,0x00000000eb600000)
 ParOldGen       total 96256K, used 37058K [0x00000000a0000000, 0x00000000a5e00000, 0x00000000e0000000)
  object space 96256K, 38% used [0x00000000a0000000,0x00000000a24308f8,0x00000000a5e00000)
 Metaspace       used 56734K, capacity 59088K, committed 59136K, reserved 1099776K
  class space    used 7663K, capacity 8181K, committed 8192K, reserved 1048576K
Event: 49.853 GC heap after
Heap after GC invocations=13 (full 2):
 PSYoungGen      total 186368K, used 22255K [0x00000000e0000000, 0x00000000eff80000, 0x0000000100000000)
  eden space 163840K, 0% used [0x00000000e0000000,0x00000000e0000000,0x00000000ea000000)
  from space 22528K, 98% used [0x00000000ea000000,0x00000000eb5bbe30,0x00000000eb600000)
  to   space 25600K, 0% used [0x00000000ee680000,0x00000000ee680000,0x00000000eff80000)
 ParOldGen       total 96256K, used 40374K [0x00000000a0000000, 0x00000000a5e00000, 0x00000000e0000000)
  object space 96256K, 41% used [0x00000000a0000000,0x00000000a276d908,0x00000000a5e00000)
 Metaspace       used 56734K, capacity 59088K, committed 59136K, reserved 1099776K
  class space    used 7663K, capacity 8181K, committed 8192K, reserved 1048576K
}
Event: 49.853 GC heap before
{Heap before GC invocations=14 (full 3):
 PSYoungGen      total 186368K, used 22255K [0x00000000e0000000, 0x00000000eff80000, 0x0000000100000000)
  eden space 163840K, 0% used [0x00000000e0000000,0x00000000e0000000,0x00000000ea000000)
  from space 22528K, 98% used [0x00000000ea000000,0x00000000eb5bbe30,0x00000000eb600000)
  to   space 25600K, 0% used [0x00000000ee680000,0x00000000ee680000,0x00000000eff80000)
 ParOldGen       total 96256K, used 40374K [0x00000000a0000000, 0x00000000a5e00000, 0x00000000e0000000)
  object space 96256K, 41% used [0x00000000a0000000,0x00000000a276d908,0x00000000a5e00000)
 Metaspace       used 56734K, capacity 59088K, committed 59136K, reserved 1099776K
  class space    used 7663K, capacity 8181K, committed 8192K, reserved 1048576K
Event: 50.182 GC heap after
Heap after GC invocations=14 (full 3):
 PSYoungGen      total 186368K, used 0K [0x00000000e0000000, 0x00000000eff80000, 0x0000000100000000)
  eden space 163840K, 0% used [0x00000000e0000000,0x00000000e0000000,0x00000000ea000000)
  from space 22528K, 0% used [0x00000000ea000000,0x00000000ea000000,0x00000000eb600000)
  to   space 25600K, 0% used [0x00000000ee680000,0x00000000ee680000,0x00000000eff80000)
 ParOldGen       total 163328K, used 53890K [0x00000000a0000000, 0x00000000a9f80000, 0x00000000e0000000)
  object space 163328K, 32% used [0x00000000a0000000,0x00000000a34a0a18,0x00000000a9f80000)
 Metaspace       used 56734K, capacity 59088K, committed 59136K, reserved 1099776K
  class space    used 7663K, capacity 8181K, committed 8192K, reserved 1048576K
}
Event: 115.370 GC heap before
{Heap before GC invocations=15 (full 3):
 PSYoungGen      total 186368K, used 163840K [0x00000000e0000000, 0x00000000eff80000, 0x0000000100000000)
  eden space 163840K, 100% used [0x00000000e0000000,0x00000000ea000000,0x00000000ea000000)
  from space 22528K, 0% used [0x00000000ea000000,0x00000000ea000000,0x00000000eb600000)
  to   space 25600K, 0% used [0x00000000ee680000,0x00000000ee680000,0x00000000eff80000)
 ParOldGen       total 163328K, used 53890K [0x00000000a0000000, 0x00000000a9f80000, 0x00000000e0000000)
  object space 163328K, 32% used [0x00000000a0000000,0x00000000a34a0a18,0x00000000a9f80000)
 Metaspace       used 58690K, capacity 61398K, committed 61568K, reserved 1101824K
  class space    used 7914K, capacity 8488K, committed 8576K, reserved 1048576K
Event: 115.409 GC heap after
Heap after GC invocations=15 (full 3):
 PSYoungGen      total 214528K, used 11198K [0x00000000e0000000, 0x00000000ef400000, 0x0000000100000000)
  eden space 200704K, 0% used [0x00000000e0000000,0x00000000e0000000,0x00000000ec400000)
  from space 13824K, 81% used [0x00000000ee680000,0x00000000ef16f840,0x00000000ef400000)
  to   space 24576K, 0% used [0x00000000ec400000,0x00000000ec400000,0x00000000edc00000)
 ParOldGen       total 163328K, used 53898K [0x00000000a0000000, 0x00000000a9f80000, 0x00000000e0000000)
  object space 163328K, 33% used [0x00000000a0000000,0x00000000a34a2a18,0x00000000a9f80000)
 Metaspace       used 58690K, capacity 61398K, committed 61568K, reserved 1101824K
  class space    used 7914K, capacity 8488K, committed 8576K, reserved 1048576K
}
Event: 159.412 GC heap before
{Heap before GC invocations=16 (full 3):
 PSYoungGen      total 214528K, used 211902K [0x00000000e0000000, 0x00000000ef400000, 0x0000000100000000)
  eden space 200704K, 100% used [0x00000000e0000000,0x00000000ec400000,0x00000000ec400000)
  from space 13824K, 81% used [0x00000000ee680000,0x00000000ef16f840,0x00000000ef400000)
  to   space 24576K, 0% used [0x00000000ec400000,0x00000000ec400000,0x00000000edc00000)
 ParOldGen       total 163328K, used 53898K [0x00000000a0000000, 0x00000000a9f80000, 0x00000000e0000000)
  object space 163328K, 33% used [0x00000000a0000000,0x00000000a34a2a18,0x00000000a9f80000)
 Metaspace       used 59080K, capacity 61814K, committed 62080K, reserved 1103872K
  class space    used 7938K, capacity 8520K, committed 8576K, reserved 1048576K
Event: 159.456 GC heap after
Heap after GC invocations=16 (full 3):
 PSYoungGen      total 225280K, used 24560K [0x00000000e0000000, 0x00000000ef400000, 0x0000000100000000)
  eden space 200704K, 0% used [0x00000000e0000000,0x00000000e0000000,0x00000000ec400000)
  from space 24576K, 99% used [0x00000000ec400000,0x00000000edbfc050,0x00000000edc00000)
  to   space 13824K, 0% used [0x00000000ee680000,0x00000000ee680000,0x00000000ef400000)
 ParOldGen       total 163328K, used 61056K [0x00000000a0000000, 0x00000000a9f80000, 0x00000000e0000000)
  object space 163328K, 37% used [0x00000000a0000000,0x00000000a3ba0068,0x00000000a9f80000)
 Metaspace       used 59080K, capacity 61814K, committed 62080K, reserved 1103872K
  class space    used 7938K, capacity 8520K, committed 8576K, reserved 1048576K
}

